============================= test session starts ==============================
platform linux -- Python 3.13.5, pytest-9.0.2, pluggy-1.6.0
rootdir: /mnt/data/heybox-content-studio
configfile: pyproject.toml
testpaths: tests
plugins: anyio-4.13.0, ddtrace-4.4.0, Faker-40.1.2, asyncio-1.3.0, cov-7.0.0, json-report-1.5.0, metadata-3.1.1
asyncio: mode=Mode.STRICT, debug=False, asyncio_default_fixture_loop_scope=None, asyncio_default_test_loop_scope=function
collected 70 items

tests/test_api.py .............                                          [ 18%]
tests/test_evidence.py ....................                              [ 47%]
tests/test_models_storage.py ............                                [ 64%]
tests/test_reference_packs.py ...                                        [ 68%]
tests/test_sources_runtime.py .........                                  [ 81%]
tests/test_workflow.py .............                                     [100%]

============================== 70 passed in 2.76s ==============================
